<?xml version="1.0" encoding="UTF-8"?>
<testsuite name="SquareItTest" tests="2" skipped="0" failures="0" errors="0" timestamp="2020-02-10T15:34:43" hostname="Edwins-MacBook-Pro.local" time="0.003">
  <properties/>
  <testcase name="TestSquare_WhatIsNegative" classname="SquareItTest" time="0.003"/>
  <testcase name="TestSquare_WhatIsZero" classname="SquareItTest" time="0.0"/>
  <system-out><![CDATA[]]></system-out>
  <system-err><![CDATA[]]></system-err>
</testsuite>
